<?xml version="1.0" encoding="UTF-8"?>
<!-- Generated by org.testng.reporters.JUnitReportReporter -->
<testsuite skipped="0" hostname="DESKTOP-U23BOOK" name="com.appium.Appium" tests="1" failures="0" timestamp="13 Nov 2018 12:42:09 GMT" time="79.690" errors="0">
  <testcase name="playStore" time="79.690" classname="com.appium.Appium"/>
</testsuite> <!-- com.appium.Appium -->
